<?xml version="1.0" encoding="UTF-8"?>
<!-- Generated by org.testng.reporters.JUnitReportReporter -->
<testsuite hostname="DESKTOP-J642GMS" failures="0" tests="1" name="com.sauce.testcases.TestLoginPrp" time="1.779" errors="0" timestamp="2024-05-24T23:32:42 IST" skipped="0">
  <testcase classname="com.sauce.testcases.TestLoginPrp" name="StartApp" time="1.779"/>
</testsuite> <!-- com.sauce.testcases.TestLoginPrp -->
