<?xml version="1.0" encoding="UTF-8"?>
<!-- Generated by org.testng.reporters.JUnitReportReporter -->
<testsuite hostname="DESKTOP-J642GMS" failures="0" tests="1" name="com.sauce.testcases.TestInventoryPrp" time="2.670" errors="0" timestamp="2024-05-24T23:35:39 IST" skipped="0">
  <testcase classname="com.sauce.testcases.TestInventoryPrp" name="ProductDetails" time="2.670"/>
</testsuite> <!-- com.sauce.testcases.TestInventoryPrp -->
