<?xml version="1.0" encoding="UTF-8"?>
<!-- Generated by org.testng.reporters.JUnitReportReporter -->
<testsuite hostname="DESKTOP-J642GMS" failures="0" tests="1" name="com.sauce.testcases.TestInventory" time="0.827" errors="0" timestamp="2024-05-24T12:30:16 IST" skipped="0">
  <testcase classname="com.sauce.testcases.TestInventory" name="ProductDetails" time="0.827"/>
</testsuite> <!-- com.sauce.testcases.TestInventory -->
