<?xml version="1.0" encoding="UTF-8"?>
<!-- Generated by org.testng.reporters.JUnitReportReporter -->
<testsuite hostname="DESKTOP-J642GMS" failures="0" tests="1" name="com.sauce.testcases.TestLoginPage" time="0.530" errors="0" timestamp="2024-05-24T12:30:16 IST" skipped="0">
  <testcase classname="com.sauce.testcases.TestLoginPage" name="StartApp" time="0.530"/>
</testsuite> <!-- com.sauce.testcases.TestLoginPage -->
